#
# There is insufficient memory for the Java Runtime Environment to continue.
# Native memory allocation (malloc) failed to allocate 1048576 bytes for AllocateHeap
# Possible reasons:
#   The system is out of physical RAM or swap space
#   In 32 bit mode, the process size limit was hit
# Possible solutions:
#   Reduce memory load on the system
#   Increase physical memory or swap space
#   Check if swap backing store is full
#   Use 64 bit Java on a 64 bit OS
#   Decrease Java heap size (-Xmx/-Xms)
#   Decrease number of Java threads
#   Decrease Java thread stack sizes (-Xss)
#   Set larger code cache with -XX:ReservedCodeCacheSize=
# This output file may be truncated or incomplete.
#
#  Out of Memory Error (memory/allocation.inline.hpp:61), pid=3120, tid=0x0000000000004724
#
# JRE version:  (8.0_181-b13) (build )
# Java VM: Java HotSpot(TM) 64-Bit Server VM (25.181-b13 mixed mode windows-amd64 compressed oops)
# Failed to write core dump. Minidumps are not enabled by default on client versions of Windows
#

---------------  T H R E A D  ---------------

Current thread (0x0000000003452800):  JavaThread "Unknown thread" [_thread_in_vm, id=18212, stack(0x0000000003350000,0x0000000003450000)]

Stack: [0x0000000003350000,0x0000000003450000]
[error occurred during error reporting (printing stack bounds), id 0xc0000005]

Native frames: (J=compiled Java code, j=interpreted, Vv=VM code, C=native code)


---------------  P R O C E S S  ---------------

Java Threads: ( => current thread )

Other Threads:

=>0x0000000003452800 (exited) JavaThread "Unknown thread" [_thread_in_vm, id=18212, stack(0x0000000003350000,0x0000000003450000)]

VM state:not at safepoint (normal execution)

VM Mutex/Monitor currently owned by a thread: None

Heap:
 PSYoungGen      total 37888K, used 655K [0x00000000d6000000, 0x00000000d8a00000, 0x0000000100000000)
  eden space 32768K, 2% used [0x00000000d6000000,0x00000000d60a3d80,0x00000000d8000000)
  from space 5120K, 0% used [0x00000000d8500000,0x00000000d8500000,0x00000000d8a00000)
  to   space 5120K, 0% used [0x00000000d8000000,0x00000000d8000000,0x00000000d8500000)
 ParOldGen       total 86016K, used 0K [0x0000000082000000, 0x0000000087400000, 0x00000000d6000000)
  object space 86016K, 0% used [0x0000000082000000,0x0000000082000000,0x0000000087400000)
 Metaspace       used 775K, capacity 4480K, committed 4480K, reserved 1056768K
  class space    used 76K, capacity 384K, committed 384K, reserved 1048576K

Card table byte_map: [0x0000000012910000,0x0000000012d10000] byte_map_base: 0x0000000012500000

Marking Bits: (ParMarkBitMap*) 0x000000005fdd2d00
 Begin Bits: [0x00000000133b0000, 0x0000000015330000)
 End Bits:   [0x0000000015330000, 0x00000000172b0000)

Polling page: 0x00000000016e0000

CodeCache: size=245760Kb used=328Kb max_used=328Kb free=245431Kb
 bounds [0x0000000003550000, 0x00000000037c0000, 0x0000000012550000]
 total_blobs=58 nmethods=0 adapters=38
 compilation: enabled

Compilation events (0 events):
No events

GC Heap History (0 events):
No events

Deoptimization events (0 events):
No events

Classes redefined (0 events):
No events

Internal exceptions (0 events):
No events

Events (10 events):
Event: 0.026 loading class java/lang/Short
Event: 0.026 loading class java/lang/Short done
Event: 0.026 loading class java/lang/Integer
Event: 0.026 loading class java/lang/Integer done
Event: 0.026 loading class java/lang/Long
Event: 0.026 loading class java/lang/Long done
Event: 0.027 loading class java/lang/NullPointerException
Event: 0.027 loading class java/lang/NullPointerException done
Event: 0.027 loading class java/lang/ArithmeticException
Event: 0.027 loading class java/lang/ArithmeticException done


Dynamic libraries:
0x00007ff6662f0000 - 0x00007ff666327000 	E:\java\jdk\jre\bin\java.exe
0x00007ffa3e430000 - 0x00007ffa3e611000 	C:\Windows\SYSTEM32\ntdll.dll
0x00007ffa3d770000 - 0x00007ffa3d822000 	C:\Windows\System32\KERNEL32.DLL
0x00007ffa3ad90000 - 0x00007ffa3b003000 	C:\Windows\System32\KERNELBASE.dll
0x00007ffa3bdf0000 - 0x00007ffa3be91000 	C:\Windows\System32\ADVAPI32.dll
0x00007ffa3bac0000 - 0x00007ffa3bb5e000 	C:\Windows\System32\msvcrt.dll
0x00007ffa3ba60000 - 0x00007ffa3babb000 	C:\Windows\System32\sechost.dll
0x00007ffa3e2d0000 - 0x00007ffa3e3f4000 	C:\Windows\System32\RPCRT4.dll
0x00007ffa3b8d0000 - 0x00007ffa3ba60000 	C:\Windows\System32\USER32.dll
0x00007ffa3ad70000 - 0x00007ffa3ad90000 	C:\Windows\System32\win32u.dll
0x00007ffa3bb60000 - 0x00007ffa3bb88000 	C:\Windows\System32\GDI32.dll
0x00007ffa3abd0000 - 0x00007ffa3ad62000 	C:\Windows\System32\gdi32full.dll
0x00007ffa3b010000 - 0x00007ffa3b0af000 	C:\Windows\System32\msvcp_win.dll
0x00007ffa3b0b0000 - 0x00007ffa3b1aa000 	C:\Windows\System32\ucrtbase.dll
0x00007ffa29b60000 - 0x00007ffa29dc9000 	C:\Windows\WinSxS\amd64_microsoft.windows.common-controls_6595b64144ccf1df_6.0.17134.285_none_fb4297e330656775\COMCTL32.dll
0x00007ffa3bf70000 - 0x00007ffa3c293000 	C:\Windows\System32\combase.dll
0x00007ffa3aa50000 - 0x00007ffa3aaca000 	C:\Windows\System32\bcryptPrimitives.dll
0x00007ffa3bb90000 - 0x00007ffa3bbbd000 	C:\Windows\System32\IMM32.DLL
0x000000005fe60000 - 0x000000005ff32000 	E:\java\jdk\jre\bin\msvcr100.dll
0x000000005f5b0000 - 0x000000005fe52000 	E:\java\jdk\jre\bin\server\jvm.dll
0x00007ffa3dde0000 - 0x00007ffa3dde8000 	C:\Windows\System32\PSAPI.DLL
0x00007ffa132e0000 - 0x00007ffa132e9000 	C:\Windows\SYSTEM32\WSOCK32.dll
0x00007ffa2d720000 - 0x00007ffa2d72a000 	C:\Windows\SYSTEM32\VERSION.dll
0x00007ffa38490000 - 0x00007ffa384b3000 	C:\Windows\SYSTEM32\WINMM.dll
0x00007ffa3c2c0000 - 0x00007ffa3c32c000 	C:\Windows\System32\WS2_32.dll
0x00007ffa38460000 - 0x00007ffa3848a000 	C:\Windows\SYSTEM32\winmmbase.dll
0x00007ffa3ab80000 - 0x00007ffa3abc9000 	C:\Windows\System32\cfgmgr32.dll
0x000000005f5a0000 - 0x000000005f5af000 	E:\java\jdk\jre\bin\verify.dll
0x000000005f570000 - 0x000000005f599000 	E:\java\jdk\jre\bin\java.dll
0x000000005f550000 - 0x000000005f566000 	E:\java\jdk\jre\bin\zip.dll

VM Arguments:
java_command: C:\Users\zhs-pc\AppData\Local\Temp\surefire6671519209547287663\surefirebooter5488199131634356667.jar C:\Users\zhs-pc\AppData\Local\Temp\surefire6671519209547287663 2018-10-10T11-33-17_988-jvmRun1 surefire8560730864863538588tmp surefire_06530126885930016143tmp
java_class_path (initial): C:\Users\zhs-pc\AppData\Local\Temp\surefire6671519209547287663\surefirebooter5488199131634356667.jar
Launcher Type: SUN_STANDARD

Environment Variables:
JAVA_HOME=E:\java\jdk
PATH=C:\Windows\system32;C:\Windows;C:\Windows\System32\Wbem;C:\Windows\System32\WindowsPowerShell\v1.0\;C:\Windows\System32\OpenSSH\;E:\java\jdk\bin;C:\Users\zhs-pc\AppData\Local\Microsoft\WindowsApps;
USERNAME=zhs-pc
OS=Windows_NT
PROCESSOR_IDENTIFIER=Intel64 Family 6 Model 158 Stepping 9, GenuineIntel



---------------  S Y S T E M  ---------------

OS: Windows 10.0 , 64 bit Build 17134 (10.0.17134.1)

CPU:total 4 (initial active 4) (2 cores per cpu, 2 threads per core) family 6 model 158 stepping 9, cmov, cx8, fxsr, mmx, sse, sse2, sse3, ssse3, sse4.1, sse4.2, popcnt, avx, avx2, aes, clmul, erms, 3dnowpref, lzcnt, ht, tsc, tscinvbit, bmi1, bmi2, adx

Memory: 4k page, physical 8256664k(1343264k free), swap 14810516k(5252k free)

vm_info: Java HotSpot(TM) 64-Bit Server VM (25.181-b13) for windows-amd64 JRE (1.8.0_181-b13), built on Jul  7 2018 04:01:33 by "java_re" with MS VC++ 10.0 (VS2010)

time: Wed Oct 10 11:33:18 2018
elapsed time: 0 seconds (0d 0h 0m 0s)

